<?xml version="1.0" encoding="UTF-8"?>
<!-- Generated by org.testng.reporters.JUnitReportReporter -->
<testsuite hostname="User" failures="0" tests="4" name="testNGbasics.DataDrivenTesting" time="42.765" errors="0" timestamp="2022-10-22T11:31:44 EDT" skipped="0">
  <testcase classname="testNGbasics.DataDrivenTesting" name="searchFunctionality" time="11.525"/>
  <system-out/>
  <testcase classname="testNGbasics.DataDrivenTesting" name="searchFunctionality" time="10.910"/>
  <system-out/>
  <testcase classname="testNGbasics.DataDrivenTesting" name="searchFunctionality" time="11.199"/>
  <system-out/>
  <testcase classname="testNGbasics.DataDrivenTesting" name="searchFunctionality" time="9.131"/>
  <system-out/>
</testsuite> <!-- testNGbasics.DataDrivenTesting -->
