<?xml version="1.0" encoding="UTF-8"?>
<!-- Generated by org.testng.reporters.JUnitReportReporter -->
<testsuite hostname="User" failures="0" tests="4" name="testNGbasics.DataDrivenTesting1" time="36.829" errors="0" timestamp="2022-10-29T11:03:25 EDT" skipped="0">
  <testcase classname="testNGbasics.DataDrivenTesting1" name="searchFunctionality" time="6.928"/>
  <system-out/>
  <testcase classname="testNGbasics.DataDrivenTesting1" name="searchFunctionality" time="15.530"/>
  <system-out/>
  <testcase classname="testNGbasics.DataDrivenTesting1" name="searchFunctionality" time="6.964"/>
  <system-out/>
  <testcase classname="testNGbasics.DataDrivenTesting1" name="searchFunctionality" time="7.407"/>
  <system-out/>
</testsuite> <!-- testNGbasics.DataDrivenTesting1 -->
