<?xml version="1.0" encoding="UTF-8"?>
<!-- Generated by org.testng.reporters.JUnitReportReporter -->
<testsuite hostname="User" failures="0" tests="6" name="testNGbasics.ParametrizedXMLunderstanding" time="19.852" errors="0" timestamp="2022-11-12T09:54:48 EST" skipped="3">
  <testcase classname="testNGbasics.ParametrizedXMLunderstanding" name="negativeLoginFunctionalityTest" time="9.264"/>
  <system-out/>
  <testcase classname="testNGbasics.ParametrizedXMLunderstanding" name="accountListLinkFunctionalityTest" time="5.090"/>
  <system-out/>
  <testcase classname="testNGbasics.ParametrizedXMLunderstanding" name="accountListLinkFunctionalityTest" time="5.498"/>
  <system-out/>
  <testcase classname="testNGbasics.ParametrizedXMLunderstanding" name="searchFunctionality">
    <skipped/>
  </testcase> <!-- searchFunctionality -->
  <system-out/>
  <testcase classname="testNGbasics.ParametrizedXMLunderstanding" name="searchFunctionality">
    <skipped/>
  </testcase> <!-- searchFunctionality -->
  <system-out/>
  <testcase classname="testNGbasics.ParametrizedXMLunderstanding" name="searchFunctionality">
    <skipped/>
  </testcase> <!-- searchFunctionality -->
  <system-out/>
</testsuite> <!-- testNGbasics.ParametrizedXMLunderstanding -->
