<?xml version="1.0" encoding="UTF-8"?>
<!-- Generated by org.testng.reporters.JUnitReportReporter -->
<testsuite hostname="User" failures="0" tests="2" name="testNGbasics.Annotations" time="0.010" errors="0" timestamp="2022-11-03T23:53:50 EDT" skipped="0">
  <testcase classname="testNGbasics.Annotations" name="test1" time="0.009"/>
  <system-out/>
  <testcase classname="testNGbasics.Annotations" name="test2" time="0.001"/>
  <system-out/>
</testsuite> <!-- testNGbasics.Annotations -->
